<?xml version="1.0" encoding="UTF-8"?>
<!-- Generated by org.testng.reporters.JUnitXMLReporter -->
<testsuite hostname="DESKTOP-28I32HK" ignored="0" name="TestNGAssertRun" tests="4" failures="1" timestamp="03 Jan 2019 16:48:50 GMT" time="35.173" errors="0">
  <testcase name="getTitle" time="0.067" classname="com.mayuautomation.selenium.com.mayuautomation.selenium.testNG.TestTestNGAssertion"/>
  <testcase name="testAssert" time="0.01" classname="com.mayuautomation.selenium.com.mayuautomation.selenium.testNG.TestTestNGAssertion">
    <failure type="java.lang.AssertionError" message="expected [false] but found [true]">
      <![CDATA[java.lang.AssertionError: expected [false] but found [true]
at com.mayuautomation.selenium.com.mayuautomation.selenium.testNG.TestTestNGAssertion.testAssert(TestTestNGAssertion.java:31)
at java.util.concurrent.ThreadPoolExecutor.runWorker(Unknown Source)
at java.util.concurrent.ThreadPoolExecutor$Worker.run(Unknown Source)
at java.lang.Thread.run(Unknown Source)
... Removed 16 stack frames]]>
    </failure>
  </testcase> <!-- testAssert -->
  <testcase name="openBrowser" time="10.681" classname="com.mayuautomation.selenium.com.mayuautomation.selenium.testNG.NewTestFaccebookLogin"/>
  <testcase name="facebookLogin" time="9.175" classname="com.mayuautomation.selenium.com.mayuautomation.selenium.testNG.NewTestFaccebookLogin"/>
</testsuite> <!-- TestNGAssertRun -->
