<?xml version="1.0" encoding="UTF-8"?>
<!-- Generated by org.testng.reporters.JUnitXMLReporter -->
<testsuite hostname="DESKTOP-28I32HK" ignored="0" name="TestNGOrangeHRM" tests="2" failures="0" timestamp="03 Jan 2019 16:10:54 GMT" time="21.54" errors="0">
  <testcase name="openBrowser" time="13.162" classname="com.mayuautomation.selenium.com.mayuautomation.selenium.testNG.NewTestFaccebookLogin"/>
  <testcase name="facebookLogin" time="8.33" classname="com.mayuautomation.selenium.com.mayuautomation.selenium.testNG.NewTestFaccebookLogin"/>
</testsuite> <!-- TestNGOrangeHRM -->
