<?xml version="1.0" encoding="UTF-8"?>
<testng-results skipped="2" failed="0" ignored="0" total="2" passed="0">
  <reporter-output>
  </reporter-output>
  <suite name="Default suite" duration-ms="13081" started-at="2019-01-19T04:37:34Z" finished-at="2019-01-19T04:37:47Z">
    <groups>
    </groups>
    <test name="Default test" duration-ms="13081" started-at="2019-01-19T04:37:34Z" finished-at="2019-01-19T04:37:47Z">
      <class name="com.guru99.automation.GenerateExtentReport">
        <test-method status="PASS" signature="startReport()[pri:0, instance:com.guru99.automation.GenerateExtentReport@612fc6eb]" name="startReport" is-config="true" duration-ms="12925" started-at="2019-01-19T04:37:34Z" finished-at="2019-01-19T04:37:47Z">
          <reporter-output>
          </reporter-output>
        </test-method> <!-- startReport -->
        <test-method status="FAIL" signature="getResult(java.lang.reflect.Method)[pri:0, instance:com.guru99.automation.GenerateExtentReport@612fc6eb]" name="getResult" is-config="true" duration-ms="13" started-at="2019-01-19T04:37:47Z" finished-at="2019-01-19T04:37:47Z">
          <params>
            <param index="0">
              <value>
                <![CDATA[public void com.guru99.automation.GenerateExtentReport.loginButtonWOrkVerification()]]>
              </value>
            </param>
          </params>
          <exception class="java.lang.IllegalStateException">
            <message>
              <![CDATA[No reporters were started. Atleast 1 reporter must be started to create tests.]]>
            </message>
            <full-stacktrace>
              <![CDATA[java.lang.IllegalStateException: No reporters were started. Atleast 1 reporter must be started to create tests.
at com.aventstack.extentreports.Report.createTest(Report.java:69)
at com.aventstack.extentreports.ExtentReports.createTest(ExtentReports.java:241)
at com.aventstack.extentreports.ExtentReports.createTest(ExtentReports.java:254)
at com.guru99.automation.GenerateExtentReport.getResult(GenerateExtentReport.java:83)
at sun.reflect.NativeMethodAccessorImpl.invoke0(Native Method)
at sun.reflect.NativeMethodAccessorImpl.invoke(Unknown Source)
at sun.reflect.DelegatingMethodAccessorImpl.invoke(Unknown Source)
at java.lang.reflect.Method.invoke(Unknown Source)
at org.testng.internal.MethodInvocationHelper.invokeMethod(MethodInvocationHelper.java:124)
at org.testng.internal.MethodInvocationHelper.invokeMethodConsideringTimeout(MethodInvocationHelper.java:59)
at org.testng.internal.Invoker.invokeConfigurationMethod(Invoker.java:455)
at org.testng.internal.Invoker.invokeConfigurations(Invoker.java:222)
at org.testng.internal.Invoker.invokeMethod(Invoker.java:520)
at org.testng.internal.Invoker.invokeTestMethod(Invoker.java:716)
at org.testng.internal.Invoker.invokeTestMethods(Invoker.java:988)
at org.testng.internal.TestMethodWorker.invokeTestMethods(TestMethodWorker.java:125)
at org.testng.internal.TestMethodWorker.run(TestMethodWorker.java:109)
at org.testng.TestRunner.privateRun(TestRunner.java:648)
at org.testng.TestRunner.run(TestRunner.java:505)
at org.testng.SuiteRunner.runTest(SuiteRunner.java:455)
at org.testng.SuiteRunner.runSequentially(SuiteRunner.java:450)
at org.testng.SuiteRunner.privateRun(SuiteRunner.java:415)
at org.testng.SuiteRunner.run(SuiteRunner.java:364)
at org.testng.SuiteRunnerWorker.runSuite(SuiteRunnerWorker.java:52)
at org.testng.SuiteRunnerWorker.run(SuiteRunnerWorker.java:84)
at org.testng.TestNG.runSuitesSequentially(TestNG.java:1208)
at org.testng.TestNG.runSuitesLocally(TestNG.java:1137)
at org.testng.TestNG.runSuites(TestNG.java:1049)
at org.testng.TestNG.run(TestNG.java:1017)
at org.testng.remote.AbstractRemoteTestNG.run(AbstractRemoteTestNG.java:114)
at org.testng.remote.RemoteTestNG.initAndRun(RemoteTestNG.java:251)
at org.testng.remote.RemoteTestNG.main(RemoteTestNG.java:77)
]]>
            </full-stacktrace>
          </exception> <!-- java.lang.IllegalStateException -->
          <reporter-output>
          </reporter-output>
        </test-method> <!-- getResult -->
        <test-method status="SKIP" signature="loginButtonWOrkVerification()[pri:0, instance:com.guru99.automation.GenerateExtentReport@612fc6eb]" name="loginButtonWOrkVerification" duration-ms="0" started-at="2019-01-19T04:37:47Z" finished-at="2019-01-19T04:37:47Z">
          <exception class="java.lang.IllegalStateException">
            <message>
              <![CDATA[No reporters were started. Atleast 1 reporter must be started to create tests.]]>
            </message>
            <full-stacktrace>
              <![CDATA[java.lang.IllegalStateException: No reporters were started. Atleast 1 reporter must be started to create tests.
at com.aventstack.extentreports.Report.createTest(Report.java:69)
at com.aventstack.extentreports.ExtentReports.createTest(ExtentReports.java:241)
at com.aventstack.extentreports.ExtentReports.createTest(ExtentReports.java:254)
at com.guru99.automation.GenerateExtentReport.getResult(GenerateExtentReport.java:83)
at sun.reflect.NativeMethodAccessorImpl.invoke0(Native Method)
at sun.reflect.NativeMethodAccessorImpl.invoke(Unknown Source)
at sun.reflect.DelegatingMethodAccessorImpl.invoke(Unknown Source)
at java.lang.reflect.Method.invoke(Unknown Source)
at org.testng.internal.MethodInvocationHelper.invokeMethod(MethodInvocationHelper.java:124)
at org.testng.internal.MethodInvocationHelper.invokeMethodConsideringTimeout(MethodInvocationHelper.java:59)
at org.testng.internal.Invoker.invokeConfigurationMethod(Invoker.java:455)
at org.testng.internal.Invoker.invokeConfigurations(Invoker.java:222)
at org.testng.internal.Invoker.invokeMethod(Invoker.java:520)
at org.testng.internal.Invoker.invokeTestMethod(Invoker.java:716)
at org.testng.internal.Invoker.invokeTestMethods(Invoker.java:988)
at org.testng.internal.TestMethodWorker.invokeTestMethods(TestMethodWorker.java:125)
at org.testng.internal.TestMethodWorker.run(TestMethodWorker.java:109)
at org.testng.TestRunner.privateRun(TestRunner.java:648)
at org.testng.TestRunner.run(TestRunner.java:505)
at org.testng.SuiteRunner.runTest(SuiteRunner.java:455)
at org.testng.SuiteRunner.runSequentially(SuiteRunner.java:450)
at org.testng.SuiteRunner.privateRun(SuiteRunner.java:415)
at org.testng.SuiteRunner.run(SuiteRunner.java:364)
at org.testng.SuiteRunnerWorker.runSuite(SuiteRunnerWorker.java:52)
at org.testng.SuiteRunnerWorker.run(SuiteRunnerWorker.java:84)
at org.testng.TestNG.runSuitesSequentially(TestNG.java:1208)
at org.testng.TestNG.runSuitesLocally(TestNG.java:1137)
at org.testng.TestNG.runSuites(TestNG.java:1049)
at org.testng.TestNG.run(TestNG.java:1017)
at org.testng.remote.AbstractRemoteTestNG.run(AbstractRemoteTestNG.java:114)
at org.testng.remote.RemoteTestNG.initAndRun(RemoteTestNG.java:251)
at org.testng.remote.RemoteTestNG.main(RemoteTestNG.java:77)
]]>
            </full-stacktrace>
          </exception> <!-- java.lang.IllegalStateException -->
          <reporter-output>
          </reporter-output>
        </test-method> <!-- loginButtonWOrkVerification -->
        <test-method status="SKIP" signature="getResult(org.testng.ITestResult)[pri:0, instance:com.guru99.automation.GenerateExtentReport@612fc6eb]" name="getResult" is-config="true" duration-ms="0" started-at="2019-01-19T04:37:47Z" finished-at="2019-01-19T04:37:47Z">
          <reporter-output>
          </reporter-output>
        </test-method> <!-- getResult -->
        <test-method status="SKIP" signature="getResult(java.lang.reflect.Method)[pri:0, instance:com.guru99.automation.GenerateExtentReport@612fc6eb]" name="getResult" is-config="true" duration-ms="0" started-at="2019-01-19T04:37:47Z" finished-at="2019-01-19T04:37:47Z">
          <reporter-output>
          </reporter-output>
        </test-method> <!-- getResult -->
        <test-method status="SKIP" signature="addUser()[pri:1, instance:com.guru99.automation.GenerateExtentReport@612fc6eb]" name="addUser" duration-ms="0" started-at="2019-01-19T04:37:47Z" finished-at="2019-01-19T04:37:47Z">
          <exception class="java.lang.IllegalStateException">
            <message>
              <![CDATA[No reporters were started. Atleast 1 reporter must be started to create tests.]]>
            </message>
            <full-stacktrace>
              <![CDATA[java.lang.IllegalStateException: No reporters were started. Atleast 1 reporter must be started to create tests.
at com.aventstack.extentreports.Report.createTest(Report.java:69)
at com.aventstack.extentreports.ExtentReports.createTest(ExtentReports.java:241)
at com.aventstack.extentreports.ExtentReports.createTest(ExtentReports.java:254)
at com.guru99.automation.GenerateExtentReport.getResult(GenerateExtentReport.java:83)
at sun.reflect.NativeMethodAccessorImpl.invoke0(Native Method)
at sun.reflect.NativeMethodAccessorImpl.invoke(Unknown Source)
at sun.reflect.DelegatingMethodAccessorImpl.invoke(Unknown Source)
at java.lang.reflect.Method.invoke(Unknown Source)
at org.testng.internal.MethodInvocationHelper.invokeMethod(MethodInvocationHelper.java:124)
at org.testng.internal.MethodInvocationHelper.invokeMethodConsideringTimeout(MethodInvocationHelper.java:59)
at org.testng.internal.Invoker.invokeConfigurationMethod(Invoker.java:455)
at org.testng.internal.Invoker.invokeConfigurations(Invoker.java:222)
at org.testng.internal.Invoker.invokeMethod(Invoker.java:520)
at org.testng.internal.Invoker.invokeTestMethod(Invoker.java:716)
at org.testng.internal.Invoker.invokeTestMethods(Invoker.java:988)
at org.testng.internal.TestMethodWorker.invokeTestMethods(TestMethodWorker.java:125)
at org.testng.internal.TestMethodWorker.run(TestMethodWorker.java:109)
at org.testng.TestRunner.privateRun(TestRunner.java:648)
at org.testng.TestRunner.run(TestRunner.java:505)
at org.testng.SuiteRunner.runTest(SuiteRunner.java:455)
at org.testng.SuiteRunner.runSequentially(SuiteRunner.java:450)
at org.testng.SuiteRunner.privateRun(SuiteRunner.java:415)
at org.testng.SuiteRunner.run(SuiteRunner.java:364)
at org.testng.SuiteRunnerWorker.runSuite(SuiteRunnerWorker.java:52)
at org.testng.SuiteRunnerWorker.run(SuiteRunnerWorker.java:84)
at org.testng.TestNG.runSuitesSequentially(TestNG.java:1208)
at org.testng.TestNG.runSuitesLocally(TestNG.java:1137)
at org.testng.TestNG.runSuites(TestNG.java:1049)
at org.testng.TestNG.run(TestNG.java:1017)
at org.testng.remote.AbstractRemoteTestNG.run(AbstractRemoteTestNG.java:114)
at org.testng.remote.RemoteTestNG.initAndRun(RemoteTestNG.java:251)
at org.testng.remote.RemoteTestNG.main(RemoteTestNG.java:77)
]]>
            </full-stacktrace>
          </exception> <!-- java.lang.IllegalStateException -->
          <reporter-output>
          </reporter-output>
        </test-method> <!-- addUser -->
        <test-method status="SKIP" signature="getResult(org.testng.ITestResult)[pri:0, instance:com.guru99.automation.GenerateExtentReport@612fc6eb]" name="getResult" is-config="true" duration-ms="0" started-at="2019-01-19T04:37:47Z" finished-at="2019-01-19T04:37:47Z">
          <reporter-output>
          </reporter-output>
        </test-method> <!-- getResult -->
        <test-method status="SKIP" signature="endreport()[pri:0, instance:com.guru99.automation.GenerateExtentReport@612fc6eb]" name="endreport" is-config="true" duration-ms="0" started-at="2019-01-19T04:37:47Z" finished-at="2019-01-19T04:37:47Z">
          <reporter-output>
          </reporter-output>
        </test-method> <!-- endreport -->
      </class> <!-- com.guru99.automation.GenerateExtentReport -->
    </test> <!-- Default test -->
  </suite> <!-- Default suite -->
</testng-results>
