<?xml version="1.0" encoding="UTF-8"?>
<!-- Generated by org.testng.reporters.JUnitXMLReporter -->
<testsuite hostname="DESKTOP-28I32HK" ignored="0" name="Test Annotations" tests="2" failures="0" timestamp="13 Jan 2019 13:26:24 GMT" time="0.07" errors="0">
  <testcase name="f1" time="0.012" classname="com.mayuautomation.selenium.com.mayuautomation.selenium.testNG.FirstTestNgTest"/>
  <testcase name="f2" time="0.001" classname="com.mayuautomation.selenium.com.mayuautomation.selenium.testNG.FirstTestNgTest"/>
</testsuite> <!-- Test Annotations -->
