<?xml version="1.0" encoding="UTF-8"?>
<!-- Generated by org.testng.reporters.JUnitXMLReporter -->
<testsuite hostname="DESKTOP-28I32HK" ignored="2" name="TestNG Grouping" tests="8" failures="0" timestamp="13 Jan 2019 13:43:37 GMT" time="0.098" errors="0">
  <testcase name="f1" time="0.016" classname="com.mayuautomation.selenium.com.mayuautomation.selenium.testNG.NewGroupingTestNG"/>
  <testcase name="f3" time="0.003" classname="com.mayuautomation.selenium.com.mayuautomation.selenium.testNG.NewGroupingTestNG"/>
  <testcase name="f4" time="0.002" classname="com.mayuautomation.selenium.com.mayuautomation.selenium.testNG.NewGroupingTestNG"/>
  <testcase name="g1" time="0.002" classname="com.mayuautomation.selenium.com.mayuautomation.selenium.testNG.GroupingTestNG"/>
  <testcase name="g2" time="0.001" classname="com.mayuautomation.selenium.com.mayuautomation.selenium.testNG.GroupingTestNG"/>
  <testcase name="g3" time="0.002" classname="com.mayuautomation.selenium.com.mayuautomation.selenium.testNG.GroupingTestNG"/>
  <testcase name="g4" time="0.002" classname="com.mayuautomation.selenium.com.mayuautomation.selenium.testNG.GroupingTestNG"/>
  <testcase name="g5" time="0.003" classname="com.mayuautomation.selenium.com.mayuautomation.selenium.testNG.GroupingTestNG"/>
  <testcase name="f2" time="0.0" classname="com.mayuautomation.selenium.com.mayuautomation.selenium.testNG.NewGroupingTestNG">
    <ignored/>
  </testcase> <!-- f2 -->
  <testcase name="f5" time="0.0" classname="com.mayuautomation.selenium.com.mayuautomation.selenium.testNG.NewGroupingTestNG">
    <ignored/>
  </testcase> <!-- f5 -->
</testsuite> <!-- TestNG Grouping -->
